# JRE version: Java(TM) SE Runtime Environment (12.0.1+12) (build 12.0.1+12)
# Java VM: Java HotSpot(TM) 64-Bit Server VM (12.0.1+12, mixed mode, sharing, tiered, compressed oops, g1 gc, windows-amd64)
Heap:
 garbage-first heap   total 522240K, used 12343K [0x0000000602000000, 0x0000000800000000)
  region size 2048K, 6 young (12288K), 3 survivors (6144K)
 Metaspace       used 14119K, capacity 15543K, committed 15744K, reserved 1062912K
  class space    used 1631K, capacity 1867K, committed 1920K, reserved 1048576K
GC Heap History (6 events):
Event: 4.577 GC heap before
{Heap before GC invocations=0 (full 0):
 garbage-first heap   total 522240K, used 22528K [0x0000000602000000, 0x0000000800000000)
  region size 2048K, 12 young (24576K), 0 survivors (0K)
 Metaspace       used 5702K, capacity 7915K, committed 8064K, reserved 1056768K
  class space    used 670K, capacity 896K, committed 896K, reserved 1048576K
}
Event: 4.604 GC heap after
{Heap after GC invocations=1 (full 0):
 garbage-first heap   total 522240K, used 3727K [0x0000000602000000, 0x0000000800000000)
  region size 2048K, 2 young (4096K), 2 survivors (4096K)
 Metaspace       used 5702K, capacity 7915K, committed 8064K, reserved 1056768K
  class space    used 670K, capacity 896K, committed 896K, reserved 1048576K
}
Event: 5.781 GC heap before
{Heap before GC invocations=1 (full 0):
 garbage-first heap   total 522240K, used 38543K [0x0000000602000000, 0x0000000800000000)
  region size 2048K, 19 young (38912K), 2 survivors (4096K)
 Metaspace       used 11004K, capacity 12820K, committed 12928K, reserved 1060864K
  class space    used 1346K, capacity 1585K, committed 1664K, reserved 1048576K
}
Event: 5.786 GC heap after
{Heap after GC invocations=2 (full 0):
 garbage-first heap   total 522240K, used 5693K [0x0000000602000000, 0x0000000800000000)
  region size 2048K, 2 young (4096K), 2 survivors (4096K)
 Metaspace       used 11004K, capacity 12820K, committed 12928K, reserved 1060864K
  class space    used 1346K, capacity 1585K, committed 1664K, reserved 1048576K
}
Event: 10.657 GC heap before
{Heap before GC invocations=2 (full 0):
 garbage-first heap   total 522240K, used 48701K [0x0000000602000000, 0x0000000800000000)
  region size 2048K, 23 young (47104K), 2 survivors (4096K)
 Metaspace       used 14047K, capacity 15479K, committed 15744K, reserved 1062912K
  class space    used 1630K, capacity 1867K, committed 1920K, reserved 1048576K
}
Event: 10.698 GC heap after
{Heap after GC invocations=3 (full 0):
 garbage-first heap   total 522240K, used 8247K [0x0000000602000000, 0x0000000800000000)
  region size 2048K, 3 young (6144K), 3 survivors (6144K)
 Metaspace       used 14047K, capacity 15479K, committed 15744K, reserved 1062912K
  class space    used 1630K, capacity 1867K, committed 1920K, reserved 1048576K
}

