# JRE version: Java(TM) SE Runtime Environment (12.0.1+12) (build 12.0.1+12)
# Java VM: Java HotSpot(TM) 64-Bit Server VM (12.0.1+12, mixed mode, sharing, tiered, compressed oops, g1 gc, windows-amd64)
Heap:
 garbage-first heap   total 522240K, used 22105K [0x0000000602000000, 0x0000000800000000)
  region size 2048K, 10 young (20480K), 2 survivors (4096K)
 Metaspace       used 13803K, capacity 14869K, committed 15104K, reserved 1062912K
  class space    used 1596K, capacity 1772K, committed 1792K, reserved 1048576K
GC Heap History (6 events):
Event: 2.915 GC heap before
{Heap before GC invocations=0 (full 0):
 garbage-first heap   total 522240K, used 24576K [0x0000000602000000, 0x0000000800000000)
  region size 2048K, 12 young (24576K), 0 survivors (0K)
 Metaspace       used 6106K, capacity 7887K, committed 8192K, reserved 1056768K
  class space    used 711K, capacity 910K, committed 1024K, reserved 1048576K
}
Event: 2.925 GC heap after
{Heap after GC invocations=1 (full 0):
 garbage-first heap   total 522240K, used 4057K [0x0000000602000000, 0x0000000800000000)
  region size 2048K, 2 young (4096K), 2 survivors (4096K)
 Metaspace       used 6106K, capacity 7887K, committed 8192K, reserved 1056768K
  class space    used 711K, capacity 910K, committed 1024K, reserved 1048576K
}
Event: 3.315 GC heap before
{Heap before GC invocations=1 (full 0):
 garbage-first heap   total 522240K, used 24537K [0x0000000602000000, 0x0000000800000000)
  region size 2048K, 12 young (24576K), 2 survivors (4096K)
 Metaspace       used 8755K, capacity 10256K, committed 10496K, reserved 1058816K
  class space    used 1037K, capacity 1208K, committed 1280K, reserved 1048576K
}
Event: 3.319 GC heap after
{Heap after GC invocations=2 (full 0):
 garbage-first heap   total 522240K, used 5206K [0x0000000602000000, 0x0000000800000000)
  region size 2048K, 1 young (2048K), 1 survivors (2048K)
 Metaspace       used 8755K, capacity 10256K, committed 10496K, reserved 1058816K
  class space    used 1037K, capacity 1208K, committed 1280K, reserved 1048576K
}
Event: 4.684 GC heap before
{Heap before GC invocations=2 (full 0):
 garbage-first heap   total 522240K, used 42070K [0x0000000602000000, 0x0000000800000000)
  region size 2048K, 19 young (38912K), 1 survivors (2048K)
 Metaspace       used 13367K, capacity 14517K, committed 14592K, reserved 1062912K
  class space    used 1557K, capacity 1740K, committed 1792K, reserved 1048576K
}
Event: 4.688 GC heap after
{Heap after GC invocations=3 (full 0):
 garbage-first heap   total 522240K, used 7769K [0x0000000602000000, 0x0000000800000000)
  region size 2048K, 2 young (4096K), 2 survivors (4096K)
 Metaspace       used 13367K, capacity 14517K, committed 14592K, reserved 1062912K
  class space    used 1557K, capacity 1740K, committed 1792K, reserved 1048576K
}

