<?xml version="1.0" encoding="UTF-8" ?>
<testsuite tests="1" failures="0" name="com.zrx.AccountServiceTest" time="3.012" errors="1" skipped="0">
  <properties>
[...]
</properties>
  <testcase classname="com.zrx.AccountServiceTest" name="testFindAll" time="3.012">
    <error message="No bean named &apos;accountService&apos; available" type="org.springframework.beans.factory.NoSuchBeanDefinitionException">org.springframework.beans.factory.NoSuchBeanDefinitionException: No bean named &apos;accountService&apos; available
	at org.springframework.beans.factory.support.DefaultListableBeanFactory.getBeanDefinition(DefaultListableBeanFactory.java:687)
	at org.springframework.beans.factory.support.AbstractBeanFactory.getMergedLocalBeanDefinition(AbstractBeanFactory.java:1205)
	at org.springframework.beans.factory.support.AbstractBeanFactory.doGetBean(AbstractBeanFactory.java:292)
	at org.springframework.beans.factory.support.AbstractBeanFactory.getBean(AbstractBeanFactory.java:205)
	at org.springframework.context.support.AbstractApplicationContext.getBean(AbstractApplicationContext.java:1091)
	at com.zrx.AccountServiceTest.testFindAll(AccountServiceTest.java:17)
	at sun.reflect.NativeMethodAccessorImpl.invoke0(Native Method)
	at sun.reflect.NativeMethodAccessorImpl.invoke(NativeMethodAccessorImpl.java:62)
	at sun.reflect.DelegatingMethodAccessorImpl.invoke(DelegatingMethodAccessorImpl.java:43)
	at java.lang.reflect.Method.invoke(Method.java:498)
	at org.junit.runners.model.FrameworkMethod$1.runReflectiveCall(FrameworkMethod.java:50)
	at org.junit.internal.runners.model.ReflectiveCallable.run(ReflectiveCallable.java:12)
	at org.junit.runners.model.FrameworkMethod.invokeExplosively(FrameworkMethod.java:47)
	at org.junit.internal.runners.statements.InvokeMethod.evaluate(InvokeMethod.java:17)
	at org.junit.runners.ParentRunner.runLeaf(ParentRunner.java:325)
	at org.junit.runners.BlockJUnit4ClassRunner.runChild(BlockJUnit4ClassRunner.java:78)
	at org.junit.runners.BlockJUnit4ClassRunner.runChild(BlockJUnit4ClassRunner.java:57)
	at org.junit.runners.ParentRunner$3.run(ParentRunner.java:290)
	at org.junit.runners.ParentRunner$1.schedule(ParentRunner.java:71)
	at org.junit.runners.ParentRunner.runChildren(ParentRunner.java:288)
	at org.junit.runners.ParentRunner.access$000(ParentRunner.java:58)
	at org.junit.runners.ParentRunner$2.evaluate(ParentRunner.java:268)
	at org.junit.runners.ParentRunner.run(ParentRunner.java:363)
	at org.apache.maven.surefire.junit4.JUnit4Provider.execute(JUnit4Provider.java:252)
	at org.apache.maven.surefire.junit4.JUnit4Provider.executeTestSet(JUnit4Provider.java:141)
	at org.apache.maven.surefire.junit4.JUnit4Provider.invoke(JUnit4Provider.java:112)
	at sun.reflect.NativeMethodAccessorImpl.invoke0(Native Method)
	at sun.reflect.NativeMethodAccessorImpl.invoke(NativeMethodAccessorImpl.java:62)
	at sun.reflect.DelegatingMethodAccessorImpl.invoke(DelegatingMethodAccessorImpl.java:43)
	at java.lang.reflect.Method.invoke(Method.java:498)
	at org.apache.maven.surefire.util.ReflectionUtils.invokeMethodWithArray(ReflectionUtils.java:189)
	at org.apache.maven.surefire.booter.ProviderFactory$ProviderProxy.invoke(ProviderFactory.java:165)
	at org.apache.maven.surefire.booter.ProviderFactory.invokeProvider(ProviderFactory.java:85)
	at org.apache.maven.surefire.booter.ForkedBooter.runSuitesInProcess(ForkedBooter.java:115)
	at org.apache.maven.surefire.booter.ForkedBooter.main(ForkedBooter.java:75)
</error>
    <system-out>init
2019-10-18 22:58:16,991 [com.mchange.v2.log.MLog$1 run] INFO MLog clients using log4j logging.
2019-10-18 22:58:17,000 [com.mchange.v2.cfg.MConfig dumpToLogger] DEBUG Could not find resource path text file for path &apos;/com/mchange/v2/cfg/vmConfigResourcePaths.txt&apos;. Skipping.
2019-10-18 22:58:17,001 [com.mchange.v2.cfg.MConfig dumpToLogger] DEBUG Added paths from resource path text file at &apos;/mchange-config-resource-paths.txt&apos;
2019-10-18 22:58:17,001 [com.mchange.v2.cfg.MConfig dumpToLogger] DEBUG Reading VM config for path list /com/mchange/v2/log/default-mchange-log.properties, /mchange-commons.properties, /c3p0.properties, hocon:/reference,/application,/c3p0,/, /mchange-log.properties, /
2019-10-18 22:58:17,001 [com.mchange.v2.cfg.MConfig dumpToLogger] DEBUG The configuration file for resource identifier &apos;/mchange-commons.properties&apos; could not be found. Skipping.
2019-10-18 22:58:17,001 [com.mchange.v2.cfg.MConfig dumpToLogger] DEBUG The configuration file for resource identifier &apos;/c3p0.properties&apos; could not be found. Skipping.
2019-10-18 22:58:17,001 [com.mchange.v2.cfg.MConfig dumpToLogger] DEBUG The configuration file for resource identifier &apos;hocon:/reference,/application,/c3p0,/&apos; could not be found. Skipping.
2019-10-18 22:58:17,002 [com.mchange.v2.cfg.MConfig dumpToLogger] DEBUG The configuration file for resource identifier &apos;/mchange-log.properties&apos; could not be found. Skipping.
2019-10-18 22:58:17,002 [com.mchange.v2.log.MLog$1 run] DEBUG Config available to MLog library: com.mchange.v2.cfg.BasicMultiPropertiesConfig@166c4e7 [ propertiesByResourcePaths -&gt; {/com/mchange/v2/log/default-mchange-log.properties={com.mchange.v2.log.jdk14logging.suppressStackWalk=true}, /={java.runtime.name=Java(TM) SE Runtime Environment, sun.boot.library.path=D:\program\jdk1.8.0_221\jre\bin, java.vm.version=25.221-b11, java.vm.vendor=Oracle Corporation, java.vendor.url=http://java.oracle.com/, path.separator=;, java.vm.name=Java HotSpot(TM) Client VM, file.encoding.pkg=sun.io, user.country=CN, user.script=, sun.java.launcher=SUN_STANDARD, sun.os.patch.level=, java.vm.specification.name=Java Virtual Machine Specification, user.dir=D:\Documents\GitHub\JavaLearning\Others\springB, java.runtime.version=1.8.0_221-b11, basedir=D:\Documents\GitHub\JavaLearning\Others\springB, java.awt.graphicsenv=sun.awt.Win32GraphicsEnvironment, java.endorsed.dirs=D:\program\jdk1.8.0_221\jre\lib\endorsed, os.arch=x86, surefire.real.class.path=D:\Documents\GitHub\JavaLearning\Others\springB\target\surefire\surefirebooter4493381711542899294.jar, java.io.tmpdir=C:\Users\madokast\AppData\Local\Temp\, line.separator=
, java.vm.specification.vendor=Oracle Corporation, user.variant=, os.name=Windows 10, sun.jnu.encoding=GBK, java.library.path=D:\program\jdk1.8.0_221\jre\bin;C:\WINDOWS\Sun\Java\bin;C:\WINDOWS\system32;C:\WINDOWS;D:\Program Files\JetBrains\IntelliJ IDEA 2019.1.3\jre64\\bin;D:\Program Files\JetBrains\IntelliJ IDEA 2019.1.3\jre64\\bin\server;D:\program\jdk1.8.0_221\bin;D:\program\apache-maven-3.5.2\bin;C:\WINDOWS\system32;C:\WINDOWS;C:\WINDOWS\System32\Wbem;C:\WINDOWS\System32\WindowsPowerShell\v1.0\;C:\WINDOWS\System32\OpenSSH\;D:\Program Files\Git\cmd;D:\Program Files\MySQL\MySQL Server 5.5\bin;C:\Users\madokast\AppData\Local\Programs\Python\Python37-32\Scripts\;C:\Users\madokast\AppData\Local\Programs\Python\Python37-32\;C:\Users\madokast\AppData\Local\Microsoft\WindowsApps;C:\Users\madokast\AppData\Local\GitHubDesktop\bin;%USERPROFILE%\AppData\Local\Microsoft\WindowsApps;;., surefire.test.class.path=D:\Documents\GitHub\JavaLearning\Others\springB\target\test-classes;D:\Documents\GitHub\JavaLearning\Others\springB\target\classes;D:\Documents\GitHub\JavaLearning\maven_repository\mysql\mysql-connector-java\5.1.6\mysql-connector-java-5.1.6.jar;D:\Documents\GitHub\JavaLearning\maven_repository\org\springframework\spring-context\5.0.2.RELEASE\spring-context-5.0.2.RELEASE.jar;D:\Documents\GitHub\JavaLearning\maven_repository\org\springframework\spring-aop\5.0.2.RELEASE\spring-aop-5.0.2.RELEASE.jar;D:\Documents\GitHub\JavaLearning\maven_repository\org\springframework\spring-expression\5.0.2.RELEASE\spring-expression-5.0.2.RELEASE.jar;D:\Documents\GitHub\JavaLearning\maven_repository\junit\junit\4.12\junit-4.12.jar;D:\Documents\GitHub\JavaLearning\maven_repository\org\hamcrest\hamcrest-core\1.3\hamcrest-core-1.3.jar;D:\Documents\GitHub\JavaLearning\maven_repository\org\springframework\spring-test\5.0.2.RELEASE\spring-test-5.0.2.RELEASE.jar;D:\Documents\GitHub\JavaLearning\maven_repository\org\springframework\spring-beans\5.0.2.RELEASE\spring-beans-5.0.2.RELEASE.jar;D:\Documents\GitHub\JavaLearning\maven_repository\org\springframework\spring-core\5.0.2.RELEASE\spring-core-5.0.2.RELEASE.jar;D:\Documents\GitHub\JavaLearning\maven_repository\org\springframework\spring-jcl\5.0.2.RELEASE\spring-jcl-5.0.2.RELEASE.jar;D:\Documents\GitHub\JavaLearning\maven_repository\commons-dbutils\commons-dbutils\1.4\commons-dbutils-1.4.jar;D:\Documents\GitHub\JavaLearning\maven_repository\com\mchange\c3p0\0.9.5.2\c3p0-0.9.5.2.jar;D:\Documents\GitHub\JavaLearning\maven_repository\com\mchange\mchange-commons-java\0.2.11\mchange-commons-java-0.2.11.jar;D:\Documents\GitHub\JavaLearning\maven_repository\log4j\log4j\1.2.12\log4j-1.2.12.jar;, java.specification.name=Java Platform API Specification, java.class.version=52.0, sun.management.compiler=HotSpot Client Compiler, os.version=10.0, user.home=C:\Users\madokast, user.timezone=Asia/Shanghai, java.awt.printerjob=sun.awt.windows.WPrinterJob, file.encoding=GBK, java.specification.version=1.8, java.class.path=D:\Documents\GitHub\JavaLearning\Others\springB\target\test-classes;D:\Documents\GitHub\JavaLearning\Others\springB\target\classes;D:\Documents\GitHub\JavaLearning\maven_repository\mysql\mysql-connector-java\5.1.6\mysql-connector-java-5.1.6.jar;D:\Documents\GitHub\JavaLearning\maven_repository\org\springframework\spring-context\5.0.2.RELEASE\spring-context-5.0.2.RELEASE.jar;D:\Documents\GitHub\JavaLearning\maven_repository\org\springframework\spring-aop\5.0.2.RELEASE\spring-aop-5.0.2.RELEASE.jar;D:\Documents\GitHub\JavaLearning\maven_repository\org\springframework\spring-expression\5.0.2.RELEASE\spring-expression-5.0.2.RELEASE.jar;D:\Documents\GitHub\JavaLearning\maven_repository\junit\junit\4.12\junit-4.12.jar;D:\Documents\GitHub\JavaLearning\maven_repository\org\hamcrest\hamcrest-core\1.3\hamcrest-core-1.3.jar;D:\Documents\GitHub\JavaLearning\maven_repository\org\springframework\spring-test\5.0.2.RELEASE\spring-test-5.0.2.RELEASE.jar;D:\Documents\GitHub\JavaLearning\maven_repository\org\springframework\spring-beans\5.0.2.RELEASE\spring-beans-5.0.2.RELEASE.jar;D:\Documents\GitHub\JavaLearning\maven_repository\org\springframework\spring-core\5.0.2.RELEASE\spring-core-5.0.2.RELEASE.jar;D:\Documents\GitHub\JavaLearning\maven_repository\org\springframework\spring-jcl\5.0.2.RELEASE\spring-jcl-5.0.2.RELEASE.jar;D:\Documents\GitHub\JavaLearning\maven_repository\commons-dbutils\commons-dbutils\1.4\commons-dbutils-1.4.jar;D:\Documents\GitHub\JavaLearning\maven_repository\com\mchange\c3p0\0.9.5.2\c3p0-0.9.5.2.jar;D:\Documents\GitHub\JavaLearning\maven_repository\com\mchange\mchange-commons-java\0.2.11\mchange-commons-java-0.2.11.jar;D:\Documents\GitHub\JavaLearning\maven_repository\log4j\log4j\1.2.12\log4j-1.2.12.jar;, user.name=madokast, java.vm.specification.version=1.8, sun.java.command=D:\Documents\GitHub\JavaLearning\Others\springB\target\surefire\surefirebooter4493381711542899294.jar D:\Documents\GitHub\JavaLearning\Others\springB\target\surefire\surefire915651961919046911tmp D:\Documents\GitHub\JavaLearning\Others\springB\target\surefire\surefire_05332091582838711115tmp, java.home=D:\program\jdk1.8.0_221\jre, sun.arch.data.model=32, user.language=zh, java.specification.vendor=Oracle Corporation, idea.version2019.1.4=true, awt.toolkit=sun.awt.windows.WToolkit, java.vm.info=mixed mode, java.version=1.8.0_221, java.ext.dirs=D:\program\jdk1.8.0_221\jre\lib\ext;C:\WINDOWS\Sun\Java\lib\ext, sun.boot.class.path=D:\program\jdk1.8.0_221\jre\lib\resources.jar;D:\program\jdk1.8.0_221\jre\lib\rt.jar;D:\program\jdk1.8.0_221\jre\lib\sunrsasign.jar;D:\program\jdk1.8.0_221\jre\lib\jsse.jar;D:\program\jdk1.8.0_221\jre\lib\jce.jar;D:\program\jdk1.8.0_221\jre\lib\charsets.jar;D:\program\jdk1.8.0_221\jre\lib\jfr.jar;D:\program\jdk1.8.0_221\jre\classes, java.vendor=Oracle Corporation, localRepository=D:\Documents\GitHub\JavaLearning\maven_repository, file.separator=\, java.vendor.url.bug=http://bugreport.sun.com/bugreport/, sun.io.unicode.encoding=UnicodeLittle, sun.cpu.endian=little, sun.desktop=windows, sun.cpu.isalist=pentium_pro+mmx pentium_pro pentium+mmx pentium i486 i386 i86}}, propertiesByPrefixes -&gt; {com={com.mchange.v2.log.jdk14logging.suppressStackWalk=true}, ={java.runtime.name=Java(TM) SE Runtime Environment, sun.boot.library.path=D:\program\jdk1.8.0_221\jre\bin, java.vm.version=25.221-b11, java.vm.vendor=Oracle Corporation, java.vendor.url=http://java.oracle.com/, path.separator=;, java.vm.name=Java HotSpot(TM) Client VM, file.encoding.pkg=sun.io, user.script=, user.country=CN, sun.java.launcher=SUN_STANDARD, sun.os.patch.level=, java.vm.specification.name=Java Virtual Machine Specification, user.dir=D:\Documents\GitHub\JavaLearning\Others\springB, java.runtime.version=1.8.0_221-b11, java.awt.graphicsenv=sun.awt.Win32GraphicsEnvironment, basedir=D:\Documents\GitHub\JavaLearning\Others\springB, java.endorsed.dirs=D:\program\jdk1.8.0_221\jre\lib\endorsed, os.arch=x86, surefire.real.class.path=D:\Documents\GitHub\JavaLearning\Others\springB\target\surefire\surefirebooter4493381711542899294.jar, java.io.tmpdir=C:\Users\madokast\AppData\Local\Temp\, line.separator=
, java.vm.specification.vendor=Oracle Corporation, user.variant=, os.name=Windows 10, sun.jnu.encoding=GBK, java.library.path=D:\program\jdk1.8.0_221\jre\bin;C:\WINDOWS\Sun\Java\bin;C:\WINDOWS\system32;C:\WINDOWS;D:\Program Files\JetBrains\IntelliJ IDEA 2019.1.3\jre64\\bin;D:\Program Files\JetBrains\IntelliJ IDEA 2019.1.3\jre64\\bin\server;D:\program\jdk1.8.0_221\bin;D:\program\apache-maven-3.5.2\bin;C:\WINDOWS\system32;C:\WINDOWS;C:\WINDOWS\System32\Wbem;C:\WINDOWS\System32\WindowsPowerShell\v1.0\;C:\WINDOWS\System32\OpenSSH\;D:\Program Files\Git\cmd;D:\Program Files\MySQL\MySQL Server 5.5\bin;C:\Users\madokast\AppData\Local\Programs\Python\Python37-32\Scripts\;C:\Users\madokast\AppData\Local\Programs\Python\Python37-32\;C:\Users\madokast\AppData\Local\Microsoft\WindowsApps;C:\Users\madokast\AppData\Local\GitHubDesktop\bin;%USERPROFILE%\AppData\Local\Microsoft\WindowsApps;;., surefire.test.class.path=D:\Documents\GitHub\JavaLearning\Others\springB\target\test-classes;D:\Documents\GitHub\JavaLearning\Others\springB\target\classes;D:\Documents\GitHub\JavaLearning\maven_repository\mysql\mysql-connector-java\5.1.6\mysql-connector-java-5.1.6.jar;D:\Documents\GitHub\JavaLearning\maven_repository\org\springframework\spring-context\5.0.2.RELEASE\spring-context-5.0.2.RELEASE.jar;D:\Documents\GitHub\JavaLearning\maven_repository\org\springframework\spring-aop\5.0.2.RELEASE\spring-aop-5.0.2.RELEASE.jar;D:\Documents\GitHub\JavaLearning\maven_repository\org\springframework\spring-expression\5.0.2.RELEASE\spring-expression-5.0.2.RELEASE.jar;D:\Documents\GitHub\JavaLearning\maven_repository\junit\junit\4.12\junit-4.12.jar;D:\Documents\GitHub\JavaLearning\maven_repository\org\hamcrest\hamcrest-core\1.3\hamcrest-core-1.3.jar;D:\Documents\GitHub\JavaLearning\maven_repository\org\springframework\spring-test\5.0.2.RELEASE\spring-test-5.0.2.RELEASE.jar;D:\Documents\GitHub\JavaLearning\maven_repository\org\springframework\spring-beans\5.0.2.RELEASE\spring-beans-5.0.2.RELEASE.jar;D:\Documents\GitHub\JavaLearning\maven_repository\org\springframework\spring-core\5.0.2.RELEASE\spring-core-5.0.2.RELEASE.jar;D:\Documents\GitHub\JavaLearning\maven_repository\org\springframework\spring-jcl\5.0.2.RELEASE\spring-jcl-5.0.2.RELEASE.jar;D:\Documents\GitHub\JavaLearning\maven_repository\commons-dbutils\commons-dbutils\1.4\commons-dbutils-1.4.jar;D:\Documents\GitHub\JavaLearning\maven_repository\com\mchange\c3p0\0.9.5.2\c3p0-0.9.5.2.jar;D:\Documents\GitHub\JavaLearning\maven_repository\com\mchange\mchange-commons-java\0.2.11\mchange-commons-java-0.2.11.jar;D:\Documents\GitHub\JavaLearning\maven_repository\log4j\log4j\1.2.12\log4j-1.2.12.jar;, java.specification.name=Java Platform API Specification, java.class.version=52.0, sun.management.compiler=HotSpot Client Compiler, os.version=10.0, user.home=C:\Users\madokast, user.timezone=Asia/Shanghai, java.awt.printerjob=sun.awt.windows.WPrinterJob, java.specification.version=1.8, file.encoding=GBK, user.name=madokast, java.class.path=D:\Documents\GitHub\JavaLearning\Others\springB\target\test-classes;D:\Documents\GitHub\JavaLearning\Others\springB\target\classes;D:\Documents\GitHub\JavaLearning\maven_repository\mysql\mysql-connector-java\5.1.6\mysql-connector-java-5.1.6.jar;D:\Documents\GitHub\JavaLearning\maven_repository\org\springframework\spring-context\5.0.2.RELEASE\spring-context-5.0.2.RELEASE.jar;D:\Documents\GitHub\JavaLearning\maven_repository\org\springframework\spring-aop\5.0.2.RELEASE\spring-aop-5.0.2.RELEASE.jar;D:\Documents\GitHub\JavaLearning\maven_repository\org\springframework\spring-expression\5.0.2.RELEASE\spring-expression-5.0.2.RELEASE.jar;D:\Documents\GitHub\JavaLearning\maven_repository\junit\junit\4.12\junit-4.12.jar;D:\Documents\GitHub\JavaLearning\maven_repository\org\hamcrest\hamcrest-core\1.3\hamcrest-core-1.3.jar;D:\Documents\GitHub\JavaLearning\maven_repository\org\springframework\spring-test\5.0.2.RELEASE\spring-test-5.0.2.RELEASE.jar;D:\Documents\GitHub\JavaLearning\maven_repository\org\springframework\spring-beans\5.0.2.RELEASE\spring-beans-5.0.2.RELEASE.jar;D:\Documents\GitHub\JavaLearning\maven_repository\org\springframework\spring-core\5.0.2.RELEASE\spring-core-5.0.2.RELEASE.jar;D:\Documents\GitHub\JavaLearning\maven_repository\org\springframework\spring-jcl\5.0.2.RELEASE\spring-jcl-5.0.2.RELEASE.jar;D:\Documents\GitHub\JavaLearning\maven_repository\commons-dbutils\commons-dbutils\1.4\commons-dbutils-1.4.jar;D:\Documents\GitHub\JavaLearning\maven_repository\com\mchange\c3p0\0.9.5.2\c3p0-0.9.5.2.jar;D:\Documents\GitHub\JavaLearning\maven_repository\com\mchange\mchange-commons-java\0.2.11\mchange-commons-java-0.2.11.jar;D:\Documents\GitHub\JavaLearning\maven_repository\log4j\log4j\1.2.12\log4j-1.2.12.jar;, java.vm.specification.version=1.8, sun.arch.data.model=32, java.home=D:\program\jdk1.8.0_221\jre, sun.java.command=D:\Documents\GitHub\JavaLearning\Others\springB\target\surefire\surefirebooter4493381711542899294.jar D:\Documents\GitHub\JavaLearning\Others\springB\target\surefire\surefire915651961919046911tmp D:\Documents\GitHub\JavaLearning\Others\springB\target\surefire\surefire_05332091582838711115tmp, java.specification.vendor=Oracle Corporation, user.language=zh, idea.version2019.1.4=true, awt.toolkit=sun.awt.windows.WToolkit, java.vm.info=mixed mode, java.version=1.8.0_221, java.ext.dirs=D:\program\jdk1.8.0_221\jre\lib\ext;C:\WINDOWS\Sun\Java\lib\ext, sun.boot.class.path=D:\program\jdk1.8.0_221\jre\lib\resources.jar;D:\program\jdk1.8.0_221\jre\lib\rt.jar;D:\program\jdk1.8.0_221\jre\lib\sunrsasign.jar;D:\program\jdk1.8.0_221\jre\lib\jsse.jar;D:\program\jdk1.8.0_221\jre\lib\jce.jar;D:\program\jdk1.8.0_221\jre\lib\charsets.jar;D:\program\jdk1.8.0_221\jre\lib\jfr.jar;D:\program\jdk1.8.0_221\jre\classes, java.vendor=Oracle Corporation, localRepository=D:\Documents\GitHub\JavaLearning\maven_repository, file.separator=\, java.vendor.url.bug=http://bugreport.sun.com/bugreport/, sun.cpu.endian=little, sun.io.unicode.encoding=UnicodeLittle, com.mchange.v2.log.jdk14logging.suppressStackWalk=true, sun.desktop=windows, sun.cpu.isalist=pentium_pro+mmx pentium_pro pentium+mmx pentium i486 i386 i86}, sun.management={sun.management.compiler=HotSpot Client Compiler}, java.vm={java.vm.version=25.221-b11, java.vm.specification.vendor=Oracle Corporation, java.vm.specification.name=Java Virtual Machine Specification, java.vm.name=Java HotSpot(TM) Client VM, java.vm.specification.version=1.8, java.vm.vendor=Oracle Corporation, java.vm.info=mixed mode}, line={line.separator=
}, idea={idea.version2019.1.4=true}, sun.boot.class={sun.boot.class.path=D:\program\jdk1.8.0_221\jre\lib\resources.jar;D:\program\jdk1.8.0_221\jre\lib\rt.jar;D:\program\jdk1.8.0_221\jre\lib\sunrsasign.jar;D:\program\jdk1.8.0_221\jre\lib\jsse.jar;D:\program\jdk1.8.0_221\jre\lib\jce.jar;D:\program\jdk1.8.0_221\jre\lib\charsets.jar;D:\program\jdk1.8.0_221\jre\lib\jfr.jar;D:\program\jdk1.8.0_221\jre\classes}, sun.java={sun.java.launcher=SUN_STANDARD, sun.java.command=D:\Documents\GitHub\JavaLearning\Others\springB\target\surefire\surefirebooter4493381711542899294.jar D:\Documents\GitHub\JavaLearning\Others\springB\target\surefire\surefire915651961919046911tmp D:\Documents\GitHub\JavaLearning\Others\springB\target\surefire\surefire_05332091582838711115tmp}, sun={sun.arch.data.model=32, sun.java.launcher=SUN_STANDARD, sun.desktop=windows, sun.java.command=D:\Documents\GitHub\JavaLearning\Others\springB\target\surefire\surefirebooter4493381711542899294.jar D:\Documents\GitHub\JavaLearning\Others\springB\target\surefire\surefire915651961919046911tmp D:\Documents\GitHub\JavaLearning\Others\springB\target\surefire\surefire_05332091582838711115tmp, sun.os.patch.level=, sun.management.compiler=HotSpot Client Compiler, sun.boot.class.path=D:\program\jdk1.8.0_221\jre\lib\resources.jar;D:\program\jdk1.8.0_221\jre\lib\rt.jar;D:\program\jdk1.8.0_221\jre\lib\sunrsasign.jar;D:\program\jdk1.8.0_221\jre\lib\jsse.jar;D:\program\jdk1.8.0_221\jre\lib\jce.jar;D:\program\jdk1.8.0_221\jre\lib\charsets.jar;D:\program\jdk1.8.0_221\jre\lib\jfr.jar;D:\program\jdk1.8.0_221\jre\classes, sun.jnu.encoding=GBK, sun.cpu.isalist=pentium_pro+mmx pentium_pro pentium+mmx pentium i486 i386 i86, sun.boot.library.path=D:\program\jdk1.8.0_221\jre\bin, sun.cpu.endian=little, sun.io.unicode.encoding=UnicodeLittle}, surefire.test={surefire.test.class.path=D:\Documents\GitHub\JavaLearning\Others\springB\target\test-classes;D:\Documents\GitHub\JavaLearning\Others\springB\target\classes;D:\Documents\GitHub\JavaLearning\maven_repository\mysql\mysql-connector-java\5.1.6\mysql-connector-java-5.1.6.jar;D:\Documents\GitHub\JavaLearning\maven_repository\org\springframework\spring-context\5.0.2.RELEASE\spring-context-5.0.2.RELEASE.jar;D:\Documents\GitHub\JavaLearning\maven_repository\org\springframework\spring-aop\5.0.2.RELEASE\spring-aop-5.0.2.RELEASE.jar;D:\Documents\GitHub\JavaLearning\maven_repository\org\springframework\spring-expression\5.0.2.RELEASE\spring-expression-5.0.2.RELEASE.jar;D:\Documents\GitHub\JavaLearning\maven_repository\junit\junit\4.12\junit-4.12.jar;D:\Documents\GitHub\JavaLearning\maven_repository\org\hamcrest\hamcrest-core\1.3\hamcrest-core-1.3.jar;D:\Documents\GitHub\JavaLearning\maven_repository\org\springframework\spring-test\5.0.2.RELEASE\spring-test-5.0.2.RELEASE.jar;D:\Documents\GitHub\JavaLearning\maven_repository\org\springframework\spring-beans\5.0.2.RELEASE\spring-beans-5.0.2.RELEASE.jar;D:\Documents\GitHub\JavaLearning\maven_repository\org\springframework\spring-core\5.0.2.RELEASE\spring-core-5.0.2.RELEASE.jar;D:\Documents\GitHub\JavaLearning\maven_repository\org\springframework\spring-jcl\5.0.2.RELEASE\spring-jcl-5.0.2.RELEASE.jar;D:\Documents\GitHub\JavaLearning\maven_repository\commons-dbutils\commons-dbutils\1.4\commons-dbutils-1.4.jar;D:\Documents\GitHub\JavaLearning\maven_repository\com\mchange\c3p0\0.9.5.2\c3p0-0.9.5.2.jar;D:\Documents\GitHub\JavaLearning\maven_repository\com\mchange\mchange-commons-java\0.2.11\mchange-commons-java-0.2.11.jar;D:\Documents\GitHub\JavaLearning\maven_repository\log4j\log4j\1.2.12\log4j-1.2.12.jar;}, sun.arch.data={sun.arch.data.model=32}, path={path.separator=;}, java={java.class.path=D:\Documents\GitHub\JavaLearning\Others\springB\target\test-classes;D:\Documents\GitHub\JavaLearning\Others\springB\target\classes;D:\Documents\GitHub\JavaLearning\maven_repository\mysql\mysql-connector-java\5.1.6\mysql-connector-java-5.1.6.jar;D:\Documents\GitHub\JavaLearning\maven_repository\org\springframework\spring-context\5.0.2.RELEASE\spring-context-5.0.2.RELEASE.jar;D:\Documents\GitHub\JavaLearning\maven_repository\org\springframework\spring-aop\5.0.2.RELEASE\spring-aop-5.0.2.RELEASE.jar;D:\Documents\GitHub\JavaLearning\maven_repository\org\springframework\spring-expression\5.0.2.RELEASE\spring-expression-5.0.2.RELEASE.jar;D:\Documents\GitHub\JavaLearning\maven_repository\junit\junit\4.12\junit-4.12.jar;D:\Documents\GitHub\JavaLearning\maven_repository\org\hamcrest\hamcrest-core\1.3\hamcrest-core-1.3.jar;D:\Documents\GitHub\JavaLearning\maven_repository\org\springframework\spring-test\5.0.2.RELEASE\spring-test-5.0.2.RELEASE.jar;D:\Documents\GitHub\JavaLearning\maven_repository\org\springframework\spring-beans\5.0.2.RELEASE\spring-beans-5.0.2.RELEASE.jar;D:\Documents\GitHub\JavaLearning\maven_repository\org\springframework\spring-core\5.0.2.RELEASE\spring-core-5.0.2.RELEASE.jar;D:\Documents\GitHub\JavaLearning\maven_repository\org\springframework\spring-jcl\5.0.2.RELEASE\spring-jcl-5.0.2.RELEASE.jar;D:\Documents\GitHub\JavaLearning\maven_repository\commons-dbutils\commons-dbutils\1.4\commons-dbutils-1.4.jar;D:\Documents\GitHub\JavaLearning\maven_repository\com\mchange\c3p0\0.9.5.2\c3p0-0.9.5.2.jar;D:\Documents\GitHub\JavaLearning\maven_repository\com\mchange\mchange-commons-java\0.2.11\mchange-commons-java-0.2.11.jar;D:\Documents\GitHub\JavaLearning\maven_repository\log4j\log4j\1.2.12\log4j-1.2.12.jar;, java.ext.dirs=D:\program\jdk1.8.0_221\jre\lib\ext;C:\WINDOWS\Sun\Java\lib\ext, java.runtime.name=Java(TM) SE Runtime Environment, java.runtime.version=1.8.0_221-b11, java.vendor=Oracle Corporation, java.specification.version=1.8, java.class.version=52.0, java.specification.name=Java Platform API Specification, java.vendor.url=http://java.oracle.com/, java.awt.printerjob=sun.awt.windows.WPrinterJob, java.vm.version=25.221-b11, java.home=D:\program\jdk1.8.0_221\jre, java.endorsed.dirs=D:\program\jdk1.8.0_221\jre\lib\endorsed, java.version=1.8.0_221, java.vm.specification.version=1.8, java.awt.graphicsenv=sun.awt.Win32GraphicsEnvironment, java.vendor.url.bug=http://bugreport.sun.com/bugreport/, java.specification.vendor=Oracle Corporation, java.vm.specification.name=Java Virtual Machine Specification, java.vm.vendor=Oracle Corporation, java.vm.info=mixed mode, java.library.path=D:\program\jdk1.8.0_221\jre\bin;C:\WINDOWS\Sun\Java\bin;C:\WINDOWS\system32;C:\WINDOWS;D:\Program Files\JetBrains\IntelliJ IDEA 2019.1.3\jre64\\bin;D:\Program Files\JetBrains\IntelliJ IDEA 2019.1.3\jre64\\bin\server;D:\program\jdk1.8.0_221\bin;D:\program\apache-maven-3.5.2\bin;C:\WINDOWS\system32;C:\WINDOWS;C:\WINDOWS\System32\Wbem;C:\WINDOWS\System32\WindowsPowerShell\v1.0\;C:\WINDOWS\System32\OpenSSH\;D:\Program Files\Git\cmd;D:\Program Files\MySQL\MySQL Server 5.5\bin;C:\Users\madokast\AppData\Local\Programs\Python\Python37-32\Scripts\;C:\Users\madokast\AppData\Local\Programs\Python\Python37-32\;C:\Users\madokast\AppData\Local\Microsoft\WindowsApps;C:\Users\madokast\AppData\Local\GitHubDesktop\bin;%USERPROFILE%\AppData\Local\Microsoft\WindowsApps;;., java.vm.specification.vendor=Oracle Corporation, java.vm.name=Java HotSpot(TM) Client VM, java.io.tmpdir=C:\Users\madokast\AppData\Local\Temp\}, file={file.separator=\, file.encoding.pkg=sun.io, file.encoding=GBK}, file.encoding={file.encoding.pkg=sun.io}, java.vendor.url={java.vendor.url.bug=http://bugreport.sun.com/bugreport/}, com.mchange.v2.log={com.mchange.v2.log.jdk14logging.suppressStackWalk=true}, java.ext={java.ext.dirs=D:\program\jdk1.8.0_221\jre\lib\ext;C:\WINDOWS\Sun\Java\lib\ext}, idea.version2019={idea.version2019.1.4=true}, sun.boot={sun.boot.library.path=D:\program\jdk1.8.0_221\jre\bin, sun.boot.class.path=D:\program\jdk1.8.0_221\jre\lib\resources.jar;D:\program\jdk1.8.0_221\jre\lib\rt.jar;D:\program\jdk1.8.0_221\jre\lib\sunrsasign.jar;D:\program\jdk1.8.0_221\jre\lib\jsse.jar;D:\program\jdk1.8.0_221\jre\lib\jce.jar;D:\program\jdk1.8.0_221\jre\lib\charsets.jar;D:\program\jdk1.8.0_221\jre\lib\jfr.jar;D:\program\jdk1.8.0_221\jre\classes}, java.specification={java.specification.version=1.8, java.specification.vendor=Oracle Corporation, java.specification.name=Java Platform API Specification}, sun.io.unicode={sun.io.unicode.encoding=UnicodeLittle}, os={os.version=10.0, os.name=Windows 10, os.arch=x86}, sun.os={sun.os.patch.level=}, surefire.test.class={surefire.test.class.path=D:\Documents\GitHub\JavaLearning\Others\springB\target\test-classes;D:\Documents\GitHub\JavaLearning\Others\springB\target\classes;D:\Documents\GitHub\JavaLearning\maven_repository\mysql\mysql-connector-java\5.1.6\mysql-connector-java-5.1.6.jar;D:\Documents\GitHub\JavaLearning\maven_repository\org\springframework\spring-context\5.0.2.RELEASE\spring-context-5.0.2.RELEASE.jar;D:\Documents\GitHub\JavaLearning\maven_repository\org\springframework\spring-aop\5.0.2.RELEASE\spring-aop-5.0.2.RELEASE.jar;D:\Documents\GitHub\JavaLearning\maven_repository\org\springframework\spring-expression\5.0.2.RELEASE\spring-expression-5.0.2.RELEASE.jar;D:\Documents\GitHub\JavaLearning\maven_repository\junit\junit\4.12\junit-4.12.jar;D:\Documents\GitHub\JavaLearning\maven_repository\org\hamcrest\hamcrest-core\1.3\hamcrest-core-1.3.jar;D:\Documents\GitHub\JavaLearning\maven_repository\org\springframework\spring-test\5.0.2.RELEASE\spring-test-5.0.2.RELEASE.jar;D:\Documents\GitHub\JavaLearning\maven_repository\org\springframework\spring-beans\5.0.2.RELEASE\spring-beans-5.0.2.RELEASE.jar;D:\Documents\GitHub\JavaLearning\maven_repository\org\springframework\spring-core\5.0.2.RELEASE\spring-core-5.0.2.RELEASE.jar;D:\Documents\GitHub\JavaLearning\maven_repository\org\springframework\spring-jcl\5.0.2.RELEASE\spring-jcl-5.0.2.RELEASE.jar;D:\Documents\GitHub\JavaLearning\maven_repository\commons-dbutils\commons-dbutils\1.4\commons-dbutils-1.4.jar;D:\Documents\GitHub\JavaLearning\maven_repository\com\mchange\c3p0\0.9.5.2\c3p0-0.9.5.2.jar;D:\Documents\GitHub\JavaLearning\maven_repository\com\mchange\mchange-commons-java\0.2.11\mchange-commons-java-0.2.11.jar;D:\Documents\GitHub\JavaLearning\maven_repository\log4j\log4j\1.2.12\log4j-1.2.12.jar;}, com.mchange.v2={com.mchange.v2.log.jdk14logging.suppressStackWalk=true}, sun.boot.library={sun.boot.library.path=D:\program\jdk1.8.0_221\jre\bin}, sun.io={sun.io.unicode.encoding=UnicodeLittle}, java.runtime={java.runtime.version=1.8.0_221-b11, java.runtime.name=Java(TM) SE Runtime Environment}, surefire={surefire.real.class.path=D:\Documents\GitHub\JavaLearning\Others\springB\target\surefire\surefirebooter4493381711542899294.jar, surefire.test.class.path=D:\Documents\GitHub\JavaLearning\Others\springB\target\test-classes;D:\Documents\GitHub\JavaLearning\Others\springB\target\classes;D:\Documents\GitHub\JavaLearning\maven_repository\mysql\mysql-connector-java\5.1.6\mysql-connector-java-5.1.6.jar;D:\Documents\GitHub\JavaLearning\maven_repository\org\springframework\spring-context\5.0.2.RELEASE\spring-context-5.0.2.RELEASE.jar;D:\Documents\GitHub\JavaLearning\maven_repository\org\springframework\spring-aop\5.0.2.RELEASE\spring-aop-5.0.2.RELEASE.jar;D:\Documents\GitHub\JavaLearning\maven_repository\org\springframework\spring-expression\5.0.2.RELEASE\spring-expression-5.0.2.RELEASE.jar;D:\Documents\GitHub\JavaLearning\maven_repository\junit\junit\4.12\junit-4.12.jar;D:\Documents\GitHub\JavaLearning\maven_repository\org\hamcrest\hamcrest-core\1.3\hamcrest-core-1.3.jar;D:\Documents\GitHub\JavaLearning\maven_repository\org\springframework\spring-test\5.0.2.RELEASE\spring-test-5.0.2.RELEASE.jar;D:\Documents\GitHub\JavaLearning\maven_repository\org\springframework\spring-beans\5.0.2.RELEASE\spring-beans-5.0.2.RELEASE.jar;D:\Documents\GitHub\JavaLearning\maven_repository\org\springframework\spring-core\5.0.2.RELEASE\spring-core-5.0.2.RELEASE.jar;D:\Documents\GitHub\JavaLearning\maven_repository\org\springframework\spring-jcl\5.0.2.RELEASE\spring-jcl-5.0.2.RELEASE.jar;D:\Documents\GitHub\JavaLearning\maven_repository\commons-dbutils\commons-dbutils\1.4\commons-dbutils-1.4.jar;D:\Documents\GitHub\JavaLearning\maven_repository\com\mchange\c3p0\0.9.5.2\c3p0-0.9.5.2.jar;D:\Documents\GitHub\JavaLearning\maven_repository\com\mchange\mchange-commons-java\0.2.11\mchange-commons-java-0.2.11.jar;D:\Documents\GitHub\JavaLearning\maven_repository\log4j\log4j\1.2.12\log4j-1.2.12.jar;}, java.class={java.class.path=D:\Documents\GitHub\JavaLearning\Others\springB\target\test-classes;D:\Documents\GitHub\JavaLearning\Others\springB\target\classes;D:\Documents\GitHub\JavaLearning\maven_repository\mysql\mysql-connector-java\5.1.6\mysql-connector-java-5.1.6.jar;D:\Documents\GitHub\JavaLearning\maven_repository\org\springframework\spring-context\5.0.2.RELEASE\spring-context-5.0.2.RELEASE.jar;D:\Documents\GitHub\JavaLearning\maven_repository\org\springframework\spring-aop\5.0.2.RELEASE\spring-aop-5.0.2.RELEASE.jar;D:\Documents\GitHub\JavaLearning\maven_repository\org\springframework\spring-expression\5.0.2.RELEASE\spring-expression-5.0.2.RELEASE.jar;D:\Documents\GitHub\JavaLearning\maven_repository\junit\junit\4.12\junit-4.12.jar;D:\Documents\GitHub\JavaLearning\maven_repository\org\hamcrest\hamcrest-core\1.3\hamcrest-core-1.3.jar;D:\Documents\GitHub\JavaLearning\maven_repository\org\springframework\spring-test\5.0.2.RELEASE\spring-test-5.0.2.RELEASE.jar;D:\Documents\GitHub\JavaLearning\maven_repository\org\springframework\spring-beans\5.0.2.RELEASE\spring-beans-5.0.2.RELEASE.jar;D:\Documents\GitHub\JavaLearning\maven_repository\org\springframework\spring-core\5.0.2.RELEASE\spring-core-5.0.2.RELEASE.jar;D:\Documents\GitHub\JavaLearning\maven_repository\org\springframework\spring-jcl\5.0.2.RELEASE\spring-jcl-5.0.2.RELEASE.jar;D:\Documents\GitHub\JavaLearning\maven_repository\commons-dbutils\commons-dbutils\1.4\commons-dbutils-1.4.jar;D:\Documents\GitHub\JavaLearning\maven_repository\com\mchange\c3p0\0.9.5.2\c3p0-0.9.5.2.jar;D:\Documents\GitHub\JavaLearning\maven_repository\com\mchange\mchange-commons-java\0.2.11\mchange-commons-java-0.2.11.jar;D:\Documents\GitHub\JavaLearning\maven_repository\log4j\log4j\1.2.12\log4j-1.2.12.jar;, java.class.version=52.0}, com.mchange={com.mchange.v2.log.jdk14logging.suppressStackWalk=true}, java.awt={java.awt.printerjob=sun.awt.windows.WPrinterJob, java.awt.graphicsenv=sun.awt.Win32GraphicsEnvironment}, idea.version2019.1={idea.version2019.1.4=true}, java.vm.specification={java.vm.specification.vendor=Oracle Corporation, java.vm.specification.name=Java Virtual Machine Specification, java.vm.specification.version=1.8}, sun.os.patch={sun.os.patch.level=}, java.library={java.library.path=D:\program\jdk1.8.0_221\jre\bin;C:\WINDOWS\Sun\Java\bin;C:\WINDOWS\system32;C:\WINDOWS;D:\Program Files\JetBrains\IntelliJ IDEA 2019.1.3\jre64\\bin;D:\Program Files\JetBrains\IntelliJ IDEA 2019.1.3\jre64\\bin\server;D:\program\jdk1.8.0_221\bin;D:\program\apache-maven-3.5.2\bin;C:\WINDOWS\system32;C:\WINDOWS;C:\WINDOWS\System32\Wbem;C:\WINDOWS\System32\WindowsPowerShell\v1.0\;C:\WINDOWS\System32\OpenSSH\;D:\Program Files\Git\cmd;D:\Program Files\MySQL\MySQL Server 5.5\bin;C:\Users\madokast\AppData\Local\Programs\Python\Python37-32\Scripts\;C:\Users\madokast\AppData\Local\Programs\Python\Python37-32\;C:\Users\madokast\AppData\Local\Microsoft\WindowsApps;C:\Users\madokast\AppData\Local\GitHubDesktop\bin;%USERPROFILE%\AppData\Local\Microsoft\WindowsApps;;.}, sun.arch={sun.arch.data.model=32}, com.mchange.v2.log.jdk14logging={com.mchange.v2.log.jdk14logging.suppressStackWalk=true}, java.vendor={java.vendor.url.bug=http://bugreport.sun.com/bugreport/, java.vendor.url=http://java.oracle.com/}, java.io={java.io.tmpdir=C:\Users\madokast\AppData\Local\Temp\}, java.endorsed={java.endorsed.dirs=D:\program\jdk1.8.0_221\jre\lib\endorsed}, surefire.real.class={surefire.real.class.path=D:\Documents\GitHub\JavaLearning\Others\springB\target\surefire\surefirebooter4493381711542899294.jar}, sun.jnu={sun.jnu.encoding=GBK}, surefire.real={surefire.real.class.path=D:\Documents\GitHub\JavaLearning\Others\springB\target\surefire\surefirebooter4493381711542899294.jar}, user={user.name=madokast, user.timezone=Asia/Shanghai, user.country=CN, user.dir=D:\Documents\GitHub\JavaLearning\Others\springB, user.home=C:\Users\madokast, user.language=zh, user.script=, user.variant=}, sun.cpu={sun.cpu.endian=little, sun.cpu.isalist=pentium_pro+mmx pentium_pro pentium+mmx pentium i486 i386 i86}, awt={awt.toolkit=sun.awt.windows.WToolkit}} ]
2019-10-18 22:58:17,002 [com.mchange.v2.cfg.MConfig dumpToLogger] DEBUG Could not find resource path text file for path &apos;/com/mchange/v2/cfg/vmConfigResourcePaths.txt&apos;. Skipping.
2019-10-18 22:58:17,004 [com.mchange.v2.cfg.MConfig dumpToLogger] DEBUG Added paths from resource path text file at &apos;/mchange-config-resource-paths.txt&apos;
2019-10-18 22:58:17,005 [com.mchange.v2.cfg.MConfig dumpToLogger] DEBUG The configuration file for resource identifier &apos;/mchange-commons.properties&apos; could not be found. Skipping.
2019-10-18 22:58:17,005 [com.mchange.v2.cfg.MConfig dumpToLogger] DEBUG The configuration file for resource identifier &apos;/mchange-log.properties&apos; could not be found. Skipping.
2019-10-18 22:58:17,005 [com.mchange.v2.cfg.MConfig dumpToLogger] DEBUG The configuration file for resource identifier &apos;hocon:/reference,/application,/c3p0,/&apos; could not be found. Skipping.
2019-10-18 22:58:17,006 [com.mchange.v2.cfg.MConfig dumpToLogger] DEBUG The configuration file for resource identifier &apos;/c3p0.properties&apos; could not be found. Skipping.
2019-10-18 22:58:17,074 [com.mchange.v2.c3p0.C3P0Registry banner] INFO Initializing c3p0-0.9.5.2 [built 08-December-2015 22:06:04 -0800; debug? true; trace: 10]
2019-10-18 22:58:17,089 [com.mchange.v2.c3p0.management.DynamicPooledDataSourceManagerMBean reinitialize] DEBUG MBean: com.mchange.v2.c3p0:type=PooledDataSource,identityToken=1hgfbb5a51pz8svyzqtejm|14ca7df,name=1hgfbb5a51pz8svyzqtejm|14ca7df registered.
2019-10-18 22:58:17,107 [com.mchange.v2.c3p0.management.DynamicPooledDataSourceManagerMBean reinitialize] DEBUG MBean: com.mchange.v2.c3p0:type=PooledDataSource,identityToken=1hgfbb5a51pz8svyzqtejm|14ca7df,name=1hgfbb5a51pz8svyzqtejm|14ca7df unregistered, in order to be reregistered after update.
2019-10-18 22:58:17,108 [com.mchange.v2.c3p0.management.DynamicPooledDataSourceManagerMBean reinitialize] DEBUG MBean: com.mchange.v2.c3p0:type=PooledDataSource,identityToken=1hgfbb5a51pz8svyzqtejm|14ca7df,name=1hgfbb5a51pz8svyzqtejm|14ca7df registered.
</system-out>
    <system-err>十月 18, 2019 10:58:14 下午 org.springframework.context.support.AbstractApplicationContext prepareRefresh
信息: Refreshing org.springframework.context.support.ClassPathXmlApplicationContext@1f4f00f: startup date [Fri Oct 18 22:58:14 CST 2019]; root of context hierarchy
十月 18, 2019 10:58:14 下午 org.springframework.beans.factory.xml.XmlBeanDefinitionReader loadBeanDefinitions
信息: Loading XML bean definitions from class path resource [bean.xml]
</system-err>
  </testcase>
</testsuite>